Using pre-set license
Built from '2022.3/staging' branch; Version is '2022.3.62f1 (4af31df58517) revision 4911901'; Using compiler version '192829333'; Build Type 'Release'
OS: 'Windows 10  (10.0.19045) 64bit Professional' Language: 'ko' Physical Memory: 15761 MB
BatchMode: 1, IsHumanControllingUs: 0, StartBugReporterOnCrash: 0, Is64bit: 1, IsPro: 1

COMMAND LINE ARGUMENTS:
C:\Program Files\Unity\Hub\Editor\2022.3.62f1\Editor\Unity.exe
-adb2
-batchMode
-noUpm
-name
AssetImportWorker3
-projectPath
C:/Users/asdf/Desktop/unity/ReactiveTurnBase/My project A
-logFile
Logs/AssetImportWorker3.log
-srvPort
52367
Successfully changed project path to: C:/Users/asdf/Desktop/unity/ReactiveTurnBase/My project A
C:/Users/asdf/Desktop/unity/ReactiveTurnBase/My project A
[UnityMemory] Configuration Parameters - Can be set up in boot.config
    "memorysetup-bucket-allocator-granularity=16"
    "memorysetup-bucket-allocator-bucket-count=8"
    "memorysetup-bucket-allocator-block-size=33554432"
    "memorysetup-bucket-allocator-block-count=8"
    "memorysetup-main-allocator-block-size=16777216"
    "memorysetup-thread-allocator-block-size=16777216"
    "memorysetup-gfx-main-allocator-block-size=16777216"
    "memorysetup-gfx-thread-allocator-block-size=16777216"
    "memorysetup-cache-allocator-block-size=4194304"
    "memorysetup-typetree-allocator-block-size=2097152"
    "memorysetup-profiler-bucket-allocator-granularity=16"
    "memorysetup-profiler-bucket-allocator-bucket-count=8"
    "memorysetup-profiler-bucket-allocator-block-size=33554432"
    "memorysetup-profiler-bucket-allocator-block-count=8"
    "memorysetup-profiler-allocator-block-size=16777216"
    "memorysetup-profiler-editor-allocator-block-size=1048576"
    "memorysetup-temp-allocator-size-main=16777216"
    "memorysetup-job-temp-allocator-block-size=2097152"
    "memorysetup-job-temp-allocator-block-size-background=1048576"
    "memorysetup-job-temp-allocator-reduction-small-platforms=262144"
    "memorysetup-allocator-temp-initial-block-size-main=262144"
    "memorysetup-allocator-temp-initial-block-size-worker=262144"
    "memorysetup-temp-allocator-size-background-worker=32768"
    "memorysetup-temp-allocator-size-job-worker=262144"
    "memorysetup-temp-allocator-size-preload-manager=33554432"
    "memorysetup-temp-allocator-size-nav-mesh-worker=65536"
    "memorysetup-temp-allocator-size-audio-worker=65536"
    "memorysetup-temp-allocator-size-cloud-worker=32768"
    "memorysetup-temp-allocator-size-gi-baking-worker=262144"
    "memorysetup-temp-allocator-size-gfx=262144"
Player connection [6580]  Target information:

Player connection [6580]  * "[IP] 172.30.1.88 [Port] 0 [Flags] 2 [Guid] 28705228 [EditorId] 28705228 [Version] 1048832 [Id] WindowsEditor(7,DESKTOP-FAF2NFQ) [Debug] 1 [PackageName] WindowsEditor [ProjectName] Editor" 

Player connection [6580] Host joined multi-casting on [225.0.0.222:54997]...
Player connection [6580] Host joined alternative multi-casting on [225.0.0.222:34997]...
Input System module state changed to: Initialized.
[PhysX] Initialized MultithreadedTaskDispatcher with 12 workers.
Refreshing native plugins compatible for Editor in 15.45 ms, found 3 plugins.
Preloading 0 native plugins for Editor in 0.00 ms.
Initialize engine version: 2022.3.62f1 (4af31df58517)
[Subsystems] Discovering subsystems at path C:/Program Files/Unity/Hub/Editor/2022.3.62f1/Editor/Data/Resources/UnitySubsystems
[Subsystems] Discovering subsystems at path C:/Users/asdf/Desktop/unity/ReactiveTurnBase/My project A/Assets
GfxDevice: creating device client; threaded=0; jobified=0
Direct3D:
    Version:  Direct3D 11.0 [level 11.1]
    Renderer: AMD Radeon(TM) Graphics (ID=0x1638)
    Vendor:   ATI
    VRAM:     7880 MB
    Driver:   31.0.21921.1000
Initialize mono
Mono path[0] = 'C:/Program Files/Unity/Hub/Editor/2022.3.62f1/Editor/Data/Managed'
Mono path[1] = 'C:/Program Files/Unity/Hub/Editor/2022.3.62f1/Editor/Data/MonoBleedingEdge/lib/mono/unityjit-win32'
Mono config path = 'C:/Program Files/Unity/Hub/Editor/2022.3.62f1/Editor/Data/MonoBleedingEdge/etc'
Using monoOptions --debugger-agent=transport=dt_socket,embedding=1,server=y,suspend=n,address=127.0.0.1:56304
Begin MonoManager ReloadAssembly
Registering precompiled unity dll's ...
Register platform support module: C:/Program Files/Unity/Hub/Editor/2022.3.62f1/Editor/Data/PlaybackEngines/AndroidPlayer/UnityEditor.Android.Extensions.dll
Register platform support module: C:/Program Files/Unity/Hub/Editor/2022.3.62f1/Editor/Data/PlaybackEngines/WindowsStandaloneSupport/UnityEditor.WindowsStandalone.Extensions.dll
Registered in 0.008183 seconds.
- Loaded All Assemblies, in  0.750 seconds
Native extension for WindowsStandalone target not found
Native extension for Android target not found
Android Extension - Scanning For ADB Devices 392 ms
Mono: successfully reloaded assembly
- Finished resetting the current domain, in  0.674 seconds
Domain Reload Profiling: 1422ms
	BeginReloadAssembly (111ms)
		ExecutionOrderSort (0ms)
		DisableScriptedObjects (0ms)
		BackupInstance (0ms)
		ReleaseScriptingObjects (0ms)
		CreateAndSetChildDomain (1ms)
	RebuildCommonClasses (221ms)
	RebuildNativeTypeToScriptingClass (9ms)
	initialDomainReloadingComplete (55ms)
	LoadAllAssembliesAndSetupDomain (353ms)
		LoadAssemblies (109ms)
		RebuildTransferFunctionScriptingTraits (0ms)
		AnalyzeDomain (350ms)
			TypeCache.Refresh (349ms)
				TypeCache.ScanAssembly (337ms)
			ScanForSourceGeneratedMonoScriptInfo (0ms)
			ResolveRequiredComponents (0ms)
	FinalizeReload (674ms)
		ReleaseScriptCaches (0ms)
		RebuildScriptCaches (0ms)
		SetupLoadedEditorAssemblies (633ms)
			LogAssemblyErrors (0ms)
			InitializePlatformSupportModulesInManaged (471ms)
			SetLoadedEditorAssemblies (4ms)
			RefreshPlugins (0ms)
			BeforeProcessingInitializeOnLoad (2ms)
			ProcessInitializeOnLoadAttributes (113ms)
			ProcessInitializeOnLoadMethodAttributes (42ms)
			AfterProcessingInitializeOnLoad (0ms)
			EditorAssembliesLoaded (0ms)
		ExecutionOrderSort2 (0ms)
		AwakeInstancesAfterBackupRestoration (0ms)
========================================================================
Worker process is ready to serve import requests
Caller must complete domain reload
Begin MonoManager ReloadAssembly
- Loaded All Assemblies, in  0.821 seconds
Native extension for WindowsStandalone target not found
Native extension for Android target not found
Mono: successfully reloaded assembly
- Finished resetting the current domain, in  0.754 seconds
Domain Reload Profiling: 1572ms
	BeginReloadAssembly (136ms)
		ExecutionOrderSort (0ms)
		DisableScriptedObjects (5ms)
		BackupInstance (0ms)
		ReleaseScriptingObjects (0ms)
		CreateAndSetChildDomain (23ms)
	RebuildCommonClasses (29ms)
	RebuildNativeTypeToScriptingClass (8ms)
	initialDomainReloadingComplete (38ms)
	LoadAllAssembliesAndSetupDomain (607ms)
		LoadAssemblies (350ms)
		RebuildTransferFunctionScriptingTraits (0ms)
		AnalyzeDomain (335ms)
			TypeCache.Refresh (309ms)
				TypeCache.ScanAssembly (292ms)
			ScanForSourceGeneratedMonoScriptInfo (18ms)
			ResolveRequiredComponents (6ms)
	FinalizeReload (754ms)
		ReleaseScriptCaches (0ms)
		RebuildScriptCaches (0ms)
		SetupLoadedEditorAssemblies (607ms)
			LogAssemblyErrors (0ms)
			InitializePlatformSupportModulesInManaged (19ms)
			SetLoadedEditorAssemblies (4ms)
			RefreshPlugins (0ms)
			BeforeProcessingInitializeOnLoad (91ms)
			ProcessInitializeOnLoadAttributes (457ms)
			ProcessInitializeOnLoadMethodAttributes (27ms)
			AfterProcessingInitializeOnLoad (8ms)
			EditorAssembliesLoaded (0ms)
		ExecutionOrderSort2 (0ms)
		AwakeInstancesAfterBackupRestoration (5ms)
Launched and connected shader compiler UnityShaderCompiler.exe after 0.08 seconds
Refreshing native plugins compatible for Editor in 4.00 ms, found 3 plugins.
Preloading 0 native plugins for Editor in 0.00 ms.
Unloading 3785 Unused Serialized files (Serialized files now loaded: 0)
Unloading 29 unused Assets / (58.9 KB). Loaded Objects now: 4267.
Memory consumption went from 148.5 MB to 148.5 MB.
Total: 4.678000 ms (FindLiveObjects: 0.452400 ms CreateObjectMapping: 0.533100 ms MarkObjects: 3.583600 ms  DeleteObjects: 0.107900 ms)

AssetImportParameters requested are different than current active one (requested -> active):
  custom:container-demuxer-ogg: 62fdf1f143b41e24485cea50d1cbac27 -> 
  custom:video-decoder-ogg-theora: a1e56fd34408186e4bbccfd4996cb3dc -> 
  custom:framework-win-MediaFoundation: 216162199b28c13a410421893ffa2e32 -> 
  custom:CustomObjectIndexerAttribute: 9a22284fe3817be447336de3de66b15e -> 
  custom:container-demuxer-webm: 4f35f7cbe854078d1ac9338744f61a02 -> 
  custom:container-muxer-webm: aa71ff27fc2769a1b78a27578f13a17b -> 
  custom:video-decoder-webm-vp8: 9c59270c3fd7afecdb556c50c9e8de78 -> 
  custom:SearchIndexIgnoredProperties: e643bd26f0fe6173181afceb89e7c659 -> 
  custom:AudioImporter_EditorPlatform: d09bf68614088b80899f8185d706f6e7 -> 
  custom:video-encoder-webm-vp8: eb34c28f22e8b96e1ab97ce403110664 -> 
  custom:audio-decoder-ogg-vorbis: bf7c407c2cedff20999df2af8eb42d56 -> 
  custom:audio-encoder-webm-vorbis: bf7c407c2cedff20999df2af8eb42d56 -> 
========================================================================
Received Prepare
Caller must complete domain reload
Begin MonoManager ReloadAssembly
- Loaded All Assemblies, in  0.520 seconds
Native extension for WindowsStandalone target not found
Native extension for Android target not found
Mono: successfully reloaded assembly
- Finished resetting the current domain, in  1.180 seconds
Domain Reload Profiling: 1697ms
	BeginReloadAssembly (161ms)
		ExecutionOrderSort (0ms)
		DisableScriptedObjects (4ms)
		BackupInstance (0ms)
		ReleaseScriptingObjects (0ms)
		CreateAndSetChildDomain (46ms)
	RebuildCommonClasses (37ms)
	RebuildNativeTypeToScriptingClass (14ms)
	initialDomainReloadingComplete (33ms)
	LoadAllAssembliesAndSetupDomain (272ms)
		LoadAssemblies (335ms)
		RebuildTransferFunctionScriptingTraits (0ms)
		AnalyzeDomain (17ms)
			TypeCache.Refresh (7ms)
				TypeCache.ScanAssembly (0ms)
			ScanForSourceGeneratedMonoScriptInfo (0ms)
			ResolveRequiredComponents (7ms)
	FinalizeReload (1180ms)
		ReleaseScriptCaches (0ms)
		RebuildScriptCaches (0ms)
		SetupLoadedEditorAssemblies (672ms)
			LogAssemblyErrors (0ms)
			InitializePlatformSupportModulesInManaged (20ms)
			SetLoadedEditorAssemblies (4ms)
			RefreshPlugins (0ms)
			BeforeProcessingInitializeOnLoad (106ms)
			ProcessInitializeOnLoadAttributes (497ms)
			ProcessInitializeOnLoadMethodAttributes (35ms)
			AfterProcessingInitializeOnLoad (9ms)
			EditorAssembliesLoaded (0ms)
		ExecutionOrderSort2 (0ms)
		AwakeInstancesAfterBackupRestoration (6ms)
Refreshing native plugins compatible for Editor in 6.01 ms, found 3 plugins.
Preloading 0 native plugins for Editor in 0.00 ms.
Unloading 3765 Unused Serialized files (Serialized files now loaded: 0)
Unloading 22 unused Assets / (32.6 KB). Loaded Objects now: 4270.
Memory consumption went from 144.3 MB to 144.3 MB.
Total: 5.234500 ms (FindLiveObjects: 0.565100 ms CreateObjectMapping: 0.441300 ms MarkObjects: 4.123100 ms  DeleteObjects: 0.103900 ms)

Prepare: number of updated asset objects reloaded= 0
AssetImportParameters requested are different than current active one (requested -> active):
  custom:container-demuxer-ogg: 62fdf1f143b41e24485cea50d1cbac27 -> 
  custom:video-decoder-ogg-theora: a1e56fd34408186e4bbccfd4996cb3dc -> 
  custom:framework-win-MediaFoundation: 216162199b28c13a410421893ffa2e32 -> 
  custom:CustomObjectIndexerAttribute: 9a22284fe3817be447336de3de66b15e -> 
  custom:container-demuxer-webm: 4f35f7cbe854078d1ac9338744f61a02 -> 
  custom:container-muxer-webm: aa71ff27fc2769a1b78a27578f13a17b -> 
  custom:video-decoder-webm-vp8: 9c59270c3fd7afecdb556c50c9e8de78 -> 
  custom:SearchIndexIgnoredProperties: e643bd26f0fe6173181afceb89e7c659 -> 
  custom:AudioImporter_EditorPlatform: d09bf68614088b80899f8185d706f6e7 -> 
  custom:video-encoder-webm-vp8: eb34c28f22e8b96e1ab97ce403110664 -> 
  custom:audio-decoder-ogg-vorbis: bf7c407c2cedff20999df2af8eb42d56 -> 
  custom:audio-encoder-webm-vorbis: bf7c407c2cedff20999df2af8eb42d56 -> 
========================================================================
Received Import Request.
  Time since last request: 91888.477945 seconds.
  path: Assets/Blink/Magic Weapon Icons/Variation C/Weapon_08.png
  artifactKey: Guid(0e0abe430f9c04ae7b754f9967f80d4d) Importer(815301076,1909f56bfc062723c751e8b465ee728b)
Start importing Assets/Blink/Magic Weapon Icons/Variation C/Weapon_08.png using Guid(0e0abe430f9c04ae7b754f9967f80d4d) Importer(815301076,1909f56bfc062723c751e8b465ee728b) [PhysX] Initialized MultithreadedTaskDispatcher with 12 workers.
[PhysX] Initialized MultithreadedTaskDispatcher with 12 workers.
 -> (artifact id: 'eef12b72efb80af45bc9428615b16849') in 0.121585 seconds
Number of updated asset objects reloaded before import = 0
Number of asset objects unloaded after import = 3
========================================================================
Received Import Request.
  Time since last request: 0.000022 seconds.
  path: Assets/Blink/Magic Weapon Icons/Inactive/Weapon_17_Inactive.png
  artifactKey: Guid(e8a6d9d54f4d3453ab92eade0734ab34) Importer(815301076,1909f56bfc062723c751e8b465ee728b)
Start importing Assets/Blink/Magic Weapon Icons/Inactive/Weapon_17_Inactive.png using Guid(e8a6d9d54f4d3453ab92eade0734ab34) Importer(815301076,1909f56bfc062723c751e8b465ee728b) [PhysX] Initialized MultithreadedTaskDispatcher with 12 workers.
[PhysX] Initialized MultithreadedTaskDispatcher with 12 workers.
 -> (artifact id: 'daa46929a25130acda59feb75d6e654d') in 0.012053 seconds
Number of updated asset objects reloaded before import = 0
Number of asset objects unloaded after import = 3
========================================================================
Received Import Request.
  Time since last request: 0.000018 seconds.
  path: Assets/Blink/Magic Weapon Icons/Inactive/Weapon_18_Inactive.png
  artifactKey: Guid(aad447eef27a442f79c2c9c1ab8e1f0a) Importer(815301076,1909f56bfc062723c751e8b465ee728b)
Start importing Assets/Blink/Magic Weapon Icons/Inactive/Weapon_18_Inactive.png using Guid(aad447eef27a442f79c2c9c1ab8e1f0a) Importer(815301076,1909f56bfc062723c751e8b465ee728b) [PhysX] Initialized MultithreadedTaskDispatcher with 12 workers.
[PhysX] Initialized MultithreadedTaskDispatcher with 12 workers.
 -> (artifact id: '50ad96e81a836ae23365a3b37c587986') in 0.017421 seconds
Number of updated asset objects reloaded before import = 0
Number of asset objects unloaded after import = 3
========================================================================
Received Import Request.
  Time since last request: 0.000040 seconds.
  path: Assets/Blink/Magic Weapon Icons/Variation B/Weapon_17.png
  artifactKey: Guid(e42582761f2004ed18e7c41009e2a6f9) Importer(815301076,1909f56bfc062723c751e8b465ee728b)
Start importing Assets/Blink/Magic Weapon Icons/Variation B/Weapon_17.png using Guid(e42582761f2004ed18e7c41009e2a6f9) Importer(815301076,1909f56bfc062723c751e8b465ee728b) [PhysX] Initialized MultithreadedTaskDispatcher with 12 workers.
[PhysX] Initialized MultithreadedTaskDispatcher with 12 workers.
 -> (artifact id: '6c5a5fb28bc884a6161185e7610949d8') in 0.017227 seconds
Number of updated asset objects reloaded before import = 0
Number of asset objects unloaded after import = 3
========================================================================
Received Import Request.
  Time since last request: 0.000027 seconds.
  path: Assets/Blink/Magic Weapon Icons/Variation A/Weapon_25.png
  artifactKey: Guid(d526210c39e9b4f1f81241b77a248f9d) Importer(815301076,1909f56bfc062723c751e8b465ee728b)
Start importing Assets/Blink/Magic Weapon Icons/Variation A/Weapon_25.png using Guid(d526210c39e9b4f1f81241b77a248f9d) Importer(815301076,1909f56bfc062723c751e8b465ee728b) [PhysX] Initialized MultithreadedTaskDispatcher with 12 workers.
[PhysX] Initialized MultithreadedTaskDispatcher with 12 workers.
 -> (artifact id: 'b76de06bec63722cb90199eb4822e0ca') in 0.015973 seconds
Number of updated asset objects reloaded before import = 0
Number of asset objects unloaded after import = 3
========================================================================
Received Import Request.
  Time since last request: 0.000027 seconds.
  path: Assets/Blink/Magic Weapon Icons/Variation B/Weapon_09.png
  artifactKey: Guid(a5df33e718e2742d4b680c44d15c3e65) Importer(815301076,1909f56bfc062723c751e8b465ee728b)
Start importing Assets/Blink/Magic Weapon Icons/Variation B/Weapon_09.png using Guid(a5df33e718e2742d4b680c44d15c3e65) Importer(815301076,1909f56bfc062723c751e8b465ee728b) [PhysX] Initialized MultithreadedTaskDispatcher with 12 workers.
[PhysX] Initialized MultithreadedTaskDispatcher with 12 workers.
 -> (artifact id: '236e4978ae3e75cd92f7ddbe5743d8a7') in 0.014116 seconds
Number of updated asset objects reloaded before import = 0
Number of asset objects unloaded after import = 3
========================================================================
Received Import Request.
  Time since last request: 0.000040 seconds.
  path: Assets/Blink/Magic Weapon Icons/Variation B/Weapon_10.png
  artifactKey: Guid(c2f5d5d35b71e43898cbbd8c20c4a4d0) Importer(815301076,1909f56bfc062723c751e8b465ee728b)
Start importing Assets/Blink/Magic Weapon Icons/Variation B/Weapon_10.png using Guid(c2f5d5d35b71e43898cbbd8c20c4a4d0) Importer(815301076,1909f56bfc062723c751e8b465ee728b) [PhysX] Initialized MultithreadedTaskDispatcher with 12 workers.
[PhysX] Initialized MultithreadedTaskDispatcher with 12 workers.
 -> (artifact id: '90cb67cfc60fafbdac4571514864d54c') in 0.012269 seconds
Number of updated asset objects reloaded before import = 0
Number of asset objects unloaded after import = 3
========================================================================
Received Import Request.
  Time since last request: 0.000063 seconds.
  path: Assets/Blink/Magic Weapon Icons/Variation D/Weapon_21.png
  artifactKey: Guid(549b0a3655b2c4b9ab7fdcdd5662e206) Importer(815301076,1909f56bfc062723c751e8b465ee728b)
Start importing Assets/Blink/Magic Weapon Icons/Variation D/Weapon_21.png using Guid(549b0a3655b2c4b9ab7fdcdd5662e206) Importer(815301076,1909f56bfc062723c751e8b465ee728b) [PhysX] Initialized MultithreadedTaskDispatcher with 12 workers.
[PhysX] Initialized MultithreadedTaskDispatcher with 12 workers.
 -> (artifact id: 'b8748e09477b265fd0958a3f5716849c') in 0.013704 seconds
Number of updated asset objects reloaded before import = 0
Number of asset objects unloaded after import = 3
========================================================================
Received Import Request.
  Time since last request: 0.000017 seconds.
  path: Assets/Blink/Magic Weapon Icons/Inactive/Weapon_19_Inactive.png
  artifactKey: Guid(4c3cfa6cdf7384b7586f6a1307326759) Importer(815301076,1909f56bfc062723c751e8b465ee728b)
Start importing Assets/Blink/Magic Weapon Icons/Inactive/Weapon_19_Inactive.png using Guid(4c3cfa6cdf7384b7586f6a1307326759) Importer(815301076,1909f56bfc062723c751e8b465ee728b) [PhysX] Initialized MultithreadedTaskDispatcher with 12 workers.
[PhysX] Initialized MultithreadedTaskDispatcher with 12 workers.
 -> (artifact id: '51c9340c8199717985f36b01e2212662') in 0.014402 seconds
Number of updated asset objects reloaded before import = 0
Number of asset objects unloaded after import = 3
========================================================================
Received Import Request.
  Time since last request: 0.000042 seconds.
  path: Assets/Blink/Magic Weapon Icons/Variation D/Weapon_23.png
  artifactKey: Guid(ce95e6684415449f198cae70297a4eac) Importer(815301076,1909f56bfc062723c751e8b465ee728b)
Start importing Assets/Blink/Magic Weapon Icons/Variation D/Weapon_23.png using Guid(ce95e6684415449f198cae70297a4eac) Importer(815301076,1909f56bfc062723c751e8b465ee728b) [PhysX] Initialized MultithreadedTaskDispatcher with 12 workers.
[PhysX] Initialized MultithreadedTaskDispatcher with 12 workers.
 -> (artifact id: '8175d5572a2ede4529290d5f8ea3d7e5') in 0.012512 seconds
Number of updated asset objects reloaded before import = 0
Number of asset objects unloaded after import = 3
========================================================================
Received Import Request.
  Time since last request: 0.000021 seconds.
  path: Assets/Blink/Magic Weapon Icons/Weapon_25.png
  artifactKey: Guid(9ebbc0be5b89749cbaf49dec4bf800b2) Importer(815301076,1909f56bfc062723c751e8b465ee728b)
Start importing Assets/Blink/Magic Weapon Icons/Weapon_25.png using Guid(9ebbc0be5b89749cbaf49dec4bf800b2) Importer(815301076,1909f56bfc062723c751e8b465ee728b) [PhysX] Initialized MultithreadedTaskDispatcher with 12 workers.
[PhysX] Initialized MultithreadedTaskDispatcher with 12 workers.
 -> (artifact id: 'bd5140adbac721d6c76f83999f3f959b') in 0.025715 seconds
Number of updated asset objects reloaded before import = 0
Number of asset objects unloaded after import = 3
========================================================================
Received Import Request.
  Time since last request: 0.000027 seconds.
  path: Assets/Blink/Magic Weapon Icons/Weapon_21.png
  artifactKey: Guid(29aedb3fce7cc4ff7bbf9f2c503f4424) Importer(815301076,1909f56bfc062723c751e8b465ee728b)
Start importing Assets/Blink/Magic Weapon Icons/Weapon_21.png using Guid(29aedb3fce7cc4ff7bbf9f2c503f4424) Importer(815301076,1909f56bfc062723c751e8b465ee728b) [PhysX] Initialized MultithreadedTaskDispatcher with 12 workers.
[PhysX] Initialized MultithreadedTaskDispatcher with 12 workers.
 -> (artifact id: 'd5023e384fd27ca4f84e3ddd23f93e56') in 0.013467 seconds
Number of updated asset objects reloaded before import = 0
Number of asset objects unloaded after import = 3
========================================================================
Received Import Request.
  Time since last request: 0.000016 seconds.
  path: Assets/Blink/Magic Weapon Icons/Variation C/Weapon_25.png
  artifactKey: Guid(aca609500877945f0a0747e5a04c17f3) Importer(815301076,1909f56bfc062723c751e8b465ee728b)
Start importing Assets/Blink/Magic Weapon Icons/Variation C/Weapon_25.png using Guid(aca609500877945f0a0747e5a04c17f3) Importer(815301076,1909f56bfc062723c751e8b465ee728b) [PhysX] Initialized MultithreadedTaskDispatcher with 12 workers.
[PhysX] Initialized MultithreadedTaskDispatcher with 12 workers.
 -> (artifact id: 'ad00fc8a17c4f9e1df3b734248107156') in 0.017202 seconds
Number of updated asset objects reloaded before import = 0
Number of asset objects unloaded after import = 3
========================================================================
Received Import Request.
  Time since last request: 0.000056 seconds.
  path: Assets/Blink/Magic Weapon Icons/Variation A/Weapon_19.png
  artifactKey: Guid(def793610163e4abd885027420a8f9f4) Importer(815301076,1909f56bfc062723c751e8b465ee728b)
Start importing Assets/Blink/Magic Weapon Icons/Variation A/Weapon_19.png using Guid(def793610163e4abd885027420a8f9f4) Importer(815301076,1909f56bfc062723c751e8b465ee728b) [PhysX] Initialized MultithreadedTaskDispatcher with 12 workers.
[PhysX] Initialized MultithreadedTaskDispatcher with 12 workers.
 -> (artifact id: '6ffa14e52371951d7d6787e86e872099') in 0.014083 seconds
Number of updated asset objects reloaded before import = 0
Number of asset objects unloaded after import = 3
========================================================================
Received Import Request.
  Time since last request: 0.000016 seconds.
  path: Assets/Blink/Magic Weapon Icons/Variation B/Weapon_20.png
  artifactKey: Guid(0bccebf8f88e5449bbda89f6c54bbca2) Importer(815301076,1909f56bfc062723c751e8b465ee728b)
Start importing Assets/Blink/Magic Weapon Icons/Variation B/Weapon_20.png using Guid(0bccebf8f88e5449bbda89f6c54bbca2) Importer(815301076,1909f56bfc062723c751e8b465ee728b) [PhysX] Initialized MultithreadedTaskDispatcher with 12 workers.
[PhysX] Initialized MultithreadedTaskDispatcher with 12 workers.
 -> (artifact id: '76e133441e63afd7e3ecf0a1478dd866') in 0.013378 seconds
Number of updated asset objects reloaded before import = 0
Number of asset objects unloaded after import = 3
========================================================================
Received Import Request.
  Time since last request: 0.000022 seconds.
  path: Assets/Blink/Magic Weapon Icons/Variation C/Weapon_10.png
  artifactKey: Guid(afd25ed57c1e944f7938d85584a72889) Importer(815301076,1909f56bfc062723c751e8b465ee728b)
Start importing Assets/Blink/Magic Weapon Icons/Variation C/Weapon_10.png using Guid(afd25ed57c1e944f7938d85584a72889) Importer(815301076,1909f56bfc062723c751e8b465ee728b) [PhysX] Initialized MultithreadedTaskDispatcher with 12 workers.
[PhysX] Initialized MultithreadedTaskDispatcher with 12 workers.
 -> (artifact id: '85893c3ff379979b4b6ac88a1701394a') in 0.014384 seconds
Number of updated asset objects reloaded before import = 0
Number of asset objects unloaded after import = 3
========================================================================
Received Import Request.
  Time since last request: 0.000015 seconds.
  path: Assets/Blink/Magic Weapon Icons/Variation A/Weapon_24.png
  artifactKey: Guid(0e4c99b0751824087b5a3d4a5bd460ea) Importer(815301076,1909f56bfc062723c751e8b465ee728b)
Start importing Assets/Blink/Magic Weapon Icons/Variation A/Weapon_24.png using Guid(0e4c99b0751824087b5a3d4a5bd460ea) Importer(815301076,1909f56bfc062723c751e8b465ee728b) [PhysX] Initialized MultithreadedTaskDispatcher with 12 workers.
[PhysX] Initialized MultithreadedTaskDispatcher with 12 workers.
 -> (artifact id: '9923ebdd5f2043f4cd501cd403920ffc') in 0.012991 seconds
Number of updated asset objects reloaded before import = 0
Number of asset objects unloaded after import = 3
========================================================================
Received Import Request.
  Time since last request: 0.000028 seconds.
  path: Assets/Blink/Magic Weapon Icons/Variation C/Weapon_21.png
  artifactKey: Guid(ffd69f83425e94792ae46f9b0d1a8c5f) Importer(815301076,1909f56bfc062723c751e8b465ee728b)
Start importing Assets/Blink/Magic Weapon Icons/Variation C/Weapon_21.png using Guid(ffd69f83425e94792ae46f9b0d1a8c5f) Importer(815301076,1909f56bfc062723c751e8b465ee728b) [PhysX] Initialized MultithreadedTaskDispatcher with 12 workers.
[PhysX] Initialized MultithreadedTaskDispatcher with 12 workers.
 -> (artifact id: '68691838b32db1f805105a16cd7392cd') in 0.015677 seconds
Number of updated asset objects reloaded before import = 0
Number of asset objects unloaded after import = 3
========================================================================
Received Import Request.
  Time since last request: 0.000015 seconds.
  path: Assets/Blink/Magic Weapon Icons/Variation D/Weapon_22.png
  artifactKey: Guid(526070ab0daee448893ad90704159173) Importer(815301076,1909f56bfc062723c751e8b465ee728b)
Start importing Assets/Blink/Magic Weapon Icons/Variation D/Weapon_22.png using Guid(526070ab0daee448893ad90704159173) Importer(815301076,1909f56bfc062723c751e8b465ee728b) [PhysX] Initialized MultithreadedTaskDispatcher with 12 workers.
[PhysX] Initialized MultithreadedTaskDispatcher with 12 workers.
 -> (artifact id: '34912a2d96ec29761cd5f751bcaf5c3f') in 0.012517 seconds
Number of updated asset objects reloaded before import = 0
Number of asset objects unloaded after import = 3
========================================================================
Received Import Request.
  Time since last request: 0.000035 seconds.
  path: Assets/Blink/Magic Weapon Icons/Inactive/Weapon_24_Inactive.png
  artifactKey: Guid(02dc722dee3c84c2fb6513ef06cd6e21) Importer(815301076,1909f56bfc062723c751e8b465ee728b)
Start importing Assets/Blink/Magic Weapon Icons/Inactive/Weapon_24_Inactive.png using Guid(02dc722dee3c84c2fb6513ef06cd6e21) Importer(815301076,1909f56bfc062723c751e8b465ee728b) [PhysX] Initialized MultithreadedTaskDispatcher with 12 workers.
[PhysX] Initialized MultithreadedTaskDispatcher with 12 workers.
 -> (artifact id: '1eccdef7976471326067cf71c114a31b') in 0.017741 seconds
Number of updated asset objects reloaded before import = 0
Number of asset objects unloaded after import = 3
========================================================================
Received Import Request.
  Time since last request: 0.000020 seconds.
  path: Assets/Blink/Magic Weapon Icons/Variation A/Weapon_20.png
  artifactKey: Guid(7eb9653c2074b42c39cf1be33bd4d8c7) Importer(815301076,1909f56bfc062723c751e8b465ee728b)
Start importing Assets/Blink/Magic Weapon Icons/Variation A/Weapon_20.png using Guid(7eb9653c2074b42c39cf1be33bd4d8c7) Importer(815301076,1909f56bfc062723c751e8b465ee728b) [PhysX] Initialized MultithreadedTaskDispatcher with 12 workers.
[PhysX] Initialized MultithreadedTaskDispatcher with 12 workers.
 -> (artifact id: '8b3165a88599e9f7ce3df68757061bf7') in 0.010849 seconds
Number of updated asset objects reloaded before import = 0
Number of asset objects unloaded after import = 3
========================================================================
Received Import Request.
  Time since last request: 0.000027 seconds.
  path: Assets/Blink/Magic Weapon Icons/Inactive/Weapon_22_Inactive.png
  artifactKey: Guid(ada559c2a0a4d43e2a4f2154ac3b2466) Importer(815301076,1909f56bfc062723c751e8b465ee728b)
Start importing Assets/Blink/Magic Weapon Icons/Inactive/Weapon_22_Inactive.png using Guid(ada559c2a0a4d43e2a4f2154ac3b2466) Importer(815301076,1909f56bfc062723c751e8b465ee728b) [PhysX] Initialized MultithreadedTaskDispatcher with 12 workers.
[PhysX] Initialized MultithreadedTaskDispatcher with 12 workers.
 -> (artifact id: '8864c6284c03b5511574169b6972aad9') in 0.011056 seconds
Number of updated asset objects reloaded before import = 0
Number of asset objects unloaded after import = 3
========================================================================
Received Import Request.
  Time since last request: 0.000017 seconds.
  path: Assets/Blink/Magic Weapon Icons/Variation D/Weapon_24.png
  artifactKey: Guid(c2f5da94220624dbdb838b4bcb96dec5) Importer(815301076,1909f56bfc062723c751e8b465ee728b)
Start importing Assets/Blink/Magic Weapon Icons/Variation D/Weapon_24.png using Guid(c2f5da94220624dbdb838b4bcb96dec5) Importer(815301076,1909f56bfc062723c751e8b465ee728b) [PhysX] Initialized MultithreadedTaskDispatcher with 12 workers.
[PhysX] Initialized MultithreadedTaskDispatcher with 12 workers.
 -> (artifact id: 'bcb003edec4f0f9fc52a94af0c36054d') in 0.017753 seconds
Number of updated asset objects reloaded before import = 0
Number of asset objects unloaded after import = 3
========================================================================
Received Import Request.
  Time since last request: 0.000026 seconds.
  path: Assets/Blink/Magic Weapon Icons/Inactive/Weapon_20_Inactive.png
  artifactKey: Guid(ab5da5f4472fb46c3bf5ba1dcc9432c3) Importer(815301076,1909f56bfc062723c751e8b465ee728b)
Start importing Assets/Blink/Magic Weapon Icons/Inactive/Weapon_20_Inactive.png using Guid(ab5da5f4472fb46c3bf5ba1dcc9432c3) Importer(815301076,1909f56bfc062723c751e8b465ee728b) [PhysX] Initialized MultithreadedTaskDispatcher with 12 workers.
[PhysX] Initialized MultithreadedTaskDispatcher with 12 workers.
 -> (artifact id: '3d371bd22523b4c2499bfc0b973b220a') in 0.013954 seconds
Number of updated asset objects reloaded before import = 0
Number of asset objects unloaded after import = 3
========================================================================
Received Import Request.
  Time since last request: 0.000017 seconds.
  path: Assets/Blink/Magic Weapon Icons/Variation B/Weapon_23.png
  artifactKey: Guid(a97713e2dc9954f50a114bc9926267ed) Importer(815301076,1909f56bfc062723c751e8b465ee728b)
Start importing Assets/Blink/Magic Weapon Icons/Variation B/Weapon_23.png using Guid(a97713e2dc9954f50a114bc9926267ed) Importer(815301076,1909f56bfc062723c751e8b465ee728b) [PhysX] Initialized MultithreadedTaskDispatcher with 12 workers.
[PhysX] Initialized MultithreadedTaskDispatcher with 12 workers.
 -> (artifact id: '280a4468d6aff9692874591209a02ebc') in 0.015912 seconds
Number of updated asset objects reloaded before import = 0
Number of asset objects unloaded after import = 3
========================================================================
Received Import Request.
  Time since last request: 0.000014 seconds.
  path: Assets/Blink/Magic Weapon Icons/Variation C/Weapon_18.png
  artifactKey: Guid(dee6b57439de74aa3a137366e23d4e3b) Importer(815301076,1909f56bfc062723c751e8b465ee728b)
Start importing Assets/Blink/Magic Weapon Icons/Variation C/Weapon_18.png using Guid(dee6b57439de74aa3a137366e23d4e3b) Importer(815301076,1909f56bfc062723c751e8b465ee728b) [PhysX] Initialized MultithreadedTaskDispatcher with 12 workers.
[PhysX] Initialized MultithreadedTaskDispatcher with 12 workers.
 -> (artifact id: '38d25a58bb1ec9b8b87dc734e5530037') in 0.013547 seconds
Number of updated asset objects reloaded before import = 0
Number of asset objects unloaded after import = 3
========================================================================
Received Import Request.
  Time since last request: 14.423566 seconds.
  path: Assets/Blink/Magic Weapon Icons/Inactive/Weapon_16_Inactive.png
  artifactKey: Guid(1fcb1a5dbe48d4d76814c5cda079df17) Importer(815301076,1909f56bfc062723c751e8b465ee728b)
Start importing Assets/Blink/Magic Weapon Icons/Inactive/Weapon_16_Inactive.png using Guid(1fcb1a5dbe48d4d76814c5cda079df17) Importer(815301076,1909f56bfc062723c751e8b465ee728b) [PhysX] Initialized MultithreadedTaskDispatcher with 12 workers.
[PhysX] Initialized MultithreadedTaskDispatcher with 12 workers.
 -> (artifact id: '80aecff35c4fb7480fa7a8a75c935705') in 0.008861 seconds
Number of updated asset objects reloaded before import = 0
Number of asset objects unloaded after import = 3
========================================================================
Received Import Request.
  Time since last request: 0.000014 seconds.
  path: Assets/Blink/Magic Weapon Icons/Variation C/Weapon_17.png
  artifactKey: Guid(5c3bab43368ef40be82e2c6c4c5b96b7) Importer(815301076,1909f56bfc062723c751e8b465ee728b)
Start importing Assets/Blink/Magic Weapon Icons/Variation C/Weapon_17.png using Guid(5c3bab43368ef40be82e2c6c4c5b96b7) Importer(815301076,1909f56bfc062723c751e8b465ee728b) [PhysX] Initialized MultithreadedTaskDispatcher with 12 workers.
[PhysX] Initialized MultithreadedTaskDispatcher with 12 workers.
 -> (artifact id: 'e6e948cd6a68f774a19266c1dc1d9e96') in 0.011688 seconds
Number of updated asset objects reloaded before import = 0
Number of asset objects unloaded after import = 3
========================================================================
Received Import Request.
  Time since last request: 0.000023 seconds.
  path: Assets/Blink/Magic Weapon Icons/Variation D/Weapon_17.png
  artifactKey: Guid(e7a7cfb433c3d4acc9a07cbece1258b7) Importer(815301076,1909f56bfc062723c751e8b465ee728b)
Start importing Assets/Blink/Magic Weapon Icons/Variation D/Weapon_17.png using Guid(e7a7cfb433c3d4acc9a07cbece1258b7) Importer(815301076,1909f56bfc062723c751e8b465ee728b) [PhysX] Initialized MultithreadedTaskDispatcher with 12 workers.
[PhysX] Initialized MultithreadedTaskDispatcher with 12 workers.
 -> (artifact id: '5b9bebc5e695496e24e9af82be29418a') in 0.015559 seconds
Number of updated asset objects reloaded before import = 0
Number of asset objects unloaded after import = 3
========================================================================
Received Import Request.
  Time since last request: 3.993609 seconds.
  path: Assets/Blink/Magic Weapon Icons/Variation A/Weapon_15.png
  artifactKey: Guid(a3a08cdedb4504544953a812ca9a1b52) Importer(815301076,1909f56bfc062723c751e8b465ee728b)
Start importing Assets/Blink/Magic Weapon Icons/Variation A/Weapon_15.png using Guid(a3a08cdedb4504544953a812ca9a1b52) Importer(815301076,1909f56bfc062723c751e8b465ee728b) [PhysX] Initialized MultithreadedTaskDispatcher with 12 workers.
[PhysX] Initialized MultithreadedTaskDispatcher with 12 workers.
 -> (artifact id: 'b40f3a0e1edbee32144f6bfe8c11d060') in 0.010841 seconds
Number of updated asset objects reloaded before import = 0
Number of asset objects unloaded after import = 3
========================================================================
Received Import Request.
  Time since last request: 0.000018 seconds.
  path: Assets/Blink/Magic Weapon Icons/Weapon_16.png
  artifactKey: Guid(d45b3c4e87f2c4e38a88656c5ba184d1) Importer(815301076,1909f56bfc062723c751e8b465ee728b)
Start importing Assets/Blink/Magic Weapon Icons/Weapon_16.png using Guid(d45b3c4e87f2c4e38a88656c5ba184d1) Importer(815301076,1909f56bfc062723c751e8b465ee728b) [PhysX] Initialized MultithreadedTaskDispatcher with 12 workers.
[PhysX] Initialized MultithreadedTaskDispatcher with 12 workers.
 -> (artifact id: '9111b99449c028c23a83fc4394cfbc66') in 0.020715 seconds
Number of updated asset objects reloaded before import = 0
Number of asset objects unloaded after import = 3
========================================================================
Received Import Request.
  Time since last request: 0.398831 seconds.
  path: Assets/Blink/Magic Weapon Icons/Variation B/Weapon_14.png
  artifactKey: Guid(6890eb613ccfb4b609bb491ae5cf23e6) Importer(815301076,1909f56bfc062723c751e8b465ee728b)
Start importing Assets/Blink/Magic Weapon Icons/Variation B/Weapon_14.png using Guid(6890eb613ccfb4b609bb491ae5cf23e6) Importer(815301076,1909f56bfc062723c751e8b465ee728b) [PhysX] Initialized MultithreadedTaskDispatcher with 12 workers.
[PhysX] Initialized MultithreadedTaskDispatcher with 12 workers.
 -> (artifact id: '51b427f5ae6d139e22363591a16e713d') in 0.015208 seconds
Number of updated asset objects reloaded before import = 0
Number of asset objects unloaded after import = 3
========================================================================
Received Import Request.
  Time since last request: 0.535025 seconds.
  path: Assets/Blink/Magic Weapon Icons/Variation C/Weapon_13.png
  artifactKey: Guid(db04d814a2d7a44a4acbac2d0487f17a) Importer(815301076,1909f56bfc062723c751e8b465ee728b)
Start importing Assets/Blink/Magic Weapon Icons/Variation C/Weapon_13.png using Guid(db04d814a2d7a44a4acbac2d0487f17a) Importer(815301076,1909f56bfc062723c751e8b465ee728b) [PhysX] Initialized MultithreadedTaskDispatcher with 12 workers.
[PhysX] Initialized MultithreadedTaskDispatcher with 12 workers.
 -> (artifact id: '3b740c7419a55df37af7c1916080d75e') in 0.015572 seconds
Number of updated asset objects reloaded before import = 0
Number of asset objects unloaded after import = 3
========================================================================
Received Import Request.
  Time since last request: 0.566979 seconds.
  path: Assets/Blink/Magic Weapon Icons/Weapon_12.png
  artifactKey: Guid(5e62a1b5d6a1f41d88206e5d3cd57855) Importer(815301076,1909f56bfc062723c751e8b465ee728b)
Start importing Assets/Blink/Magic Weapon Icons/Weapon_12.png using Guid(5e62a1b5d6a1f41d88206e5d3cd57855) Importer(815301076,1909f56bfc062723c751e8b465ee728b) [PhysX] Initialized MultithreadedTaskDispatcher with 12 workers.
[PhysX] Initialized MultithreadedTaskDispatcher with 12 workers.
 -> (artifact id: 'b7a942e4cd48b2fe427c3103899ddc3a') in 0.011660 seconds
Number of updated asset objects reloaded before import = 0
Number of asset objects unloaded after import = 3
========================================================================
Received Import Request.
  Time since last request: 0.000014 seconds.
  path: Assets/Blink/Magic Weapon Icons/Variation B/Weapon_12.png
  artifactKey: Guid(4b6bd4d90879b450ba346f612f9f7a73) Importer(815301076,1909f56bfc062723c751e8b465ee728b)
Start importing Assets/Blink/Magic Weapon Icons/Variation B/Weapon_12.png using Guid(4b6bd4d90879b450ba346f612f9f7a73) Importer(815301076,1909f56bfc062723c751e8b465ee728b) [PhysX] Initialized MultithreadedTaskDispatcher with 12 workers.
[PhysX] Initialized MultithreadedTaskDispatcher with 12 workers.
 -> (artifact id: 'd1b2e097764f9292fa75131bf80bfb99') in 0.021787 seconds
Number of updated asset objects reloaded before import = 0
Number of asset objects unloaded after import = 3
========================================================================
Received Import Request.
  Time since last request: 0.525566 seconds.
  path: Assets/Blink/Magic Weapon Icons/Weapon_11.png
  artifactKey: Guid(65b83aeb1e21843758a6bccd50c5f791) Importer(815301076,1909f56bfc062723c751e8b465ee728b)
Start importing Assets/Blink/Magic Weapon Icons/Weapon_11.png using Guid(65b83aeb1e21843758a6bccd50c5f791) Importer(815301076,1909f56bfc062723c751e8b465ee728b) [PhysX] Initialized MultithreadedTaskDispatcher with 12 workers.
[PhysX] Initialized MultithreadedTaskDispatcher with 12 workers.
 -> (artifact id: 'c6adb6d5220b85f8f1f5699cbc8aef25') in 0.015564 seconds
Number of updated asset objects reloaded before import = 0
Number of asset objects unloaded after import = 3
Editor requested this worker to shutdown with reason: Scaling down because of idle timeout
TcpMessagingSession - receive error: operation aborted. errorcode: 995, details: 스레드 종료 또는 응용 프로그램 요청 때문에 I/O 작업이 취소되었습니다.
AssetImportWorker is now disconnected from the server
Process exiting
Exiting without the bug reporter. Application will terminate with return code 0